<?xml version="1.0" encoding="UTF-8"?>
<testng-results ignored="0" total="1" passed="1" failed="0" skipped="0">
  <reporter-output>
  </reporter-output>
  <suite started-at="2023-04-27T16:32:37 EDT" name="Default suite" finished-at="2023-04-27T16:32:40 EDT" duration-ms="2601">
    <groups>
    </groups>
    <test started-at="2023-04-27T16:32:37 EDT" name="Default test" finished-at="2023-04-27T16:32:40 EDT" duration-ms="2601">
      <class name="selenium.JuiceShop_Register">
        <test-method signature="register()[pri:0, instance:selenium.JuiceShop_Register@988246e]" started-at="2023-04-27T16:32:37 EDT" name="register" finished-at="2023-04-27T16:32:40 EDT" duration-ms="2570" status="PASS">
          <reporter-output>
          </reporter-output>
        </test-method> <!-- register -->
      </class> <!-- selenium.JuiceShop_Register -->
    </test> <!-- Default test -->
  </suite> <!-- Default suite -->
</testng-results>
